stb-iptv-dualplayer-sample/build/intermediates/manifest_merge_blame_file/debug/manifest-merger-blame-debug-report.txt
1<?xml version="1.0" encoding="utf-8"?>
2<manifest xmlns:android="http://schemas.android.com/apk/res/android"
3    package="tv.anypoint.lineartv.sample"
4    android:versionCode="1"
5    android:versionName="1.0" >
6
7    <uses-sdk
8        android:minSdkVersion="21"
9        android:targetSdkVersion="34" />
10
11    <queries>
11-->src/main/AndroidManifest.xml:5:5-8:15
12        <package android:name="tv.anypoint.flower.app" />
12-->src/main/AndroidManifest.xml:6:9-57
12-->src/main/AndroidManifest.xml:6:18-55
13
14        <provider android:authorities="tv.anypoint.monitor" />
14-->src/main/AndroidManifest.xml:7:9-63
14-->src/main/AndroidManifest.xml:7:19-60
15    </queries>
16
17    <uses-permission android:name="android.permission.INTERNET" />
17-->src/main/AndroidManifest.xml:10:5-66
17-->src/main/AndroidManifest.xml:10:22-64
18    <uses-permission android:name="android.permission.ACCESS_NETWORK_STATE" />
18-->src/main/AndroidManifest.xml:11:5-78
18-->src/main/AndroidManifest.xml:11:22-76
19
20    <uses-feature
20-->src/main/AndroidManifest.xml:13:5-15:39
21        android:name="android.software.leanback"
21-->src/main/AndroidManifest.xml:14:13-53
22        android:required="false" />
22-->src/main/AndroidManifest.xml:15:13-37
23    <uses-feature
23-->src/main/AndroidManifest.xml:16:5-18:39
24        android:name="android.hardware.touchscreen"
24-->src/main/AndroidManifest.xml:17:13-56
25        android:required="false" />
25-->src/main/AndroidManifest.xml:18:13-37
26
27    <permission
27-->[androidx.core:core:1.13.0] AndroidManifest.xml:22:5-24:47
28        android:name="tv.anypoint.lineartv.sample.DYNAMIC_RECEIVER_NOT_EXPORTED_PERMISSION"
28-->[androidx.core:core:1.13.0] AndroidManifest.xml:23:9-81
29        android:protectionLevel="signature" />
29-->[androidx.core:core:1.13.0] AndroidManifest.xml:24:9-44
30
31    <uses-permission android:name="tv.anypoint.lineartv.sample.DYNAMIC_RECEIVER_NOT_EXPORTED_PERMISSION" />
31-->[androidx.core:core:1.13.0] AndroidManifest.xml:26:5-97
31-->[androidx.core:core:1.13.0] AndroidManifest.xml:26:22-94
32
33    <application
33-->src/main/AndroidManifest.xml:20:5-42:19
34        android:name="tv.anypoint.lineartv.sample.TVApplication"
34-->src/main/AndroidManifest.xml:21:13-42
35        android:appComponentFactory="androidx.core.app.CoreComponentFactory"
35-->[androidx.core:core:1.13.0] AndroidManifest.xml:28:18-86
36        android:debuggable="true"
37        android:extractNativeLibs="true"
38        android:supportsRtl="true"
38-->src/main/AndroidManifest.xml:22:13-39
39        android:testOnly="true"
40        android:theme="@style/AppTheme"
40-->src/main/AndroidManifest.xml:23:13-44
41        android:usesCleartextTraffic="true" >
41-->src/main/AndroidManifest.xml:24:13-48
42        <activity
42-->src/main/AndroidManifest.xml:27:9-40:20
43            android:name="tv.anypoint.lineartv.sample.MainActivity"
43-->src/main/AndroidManifest.xml:28:17-45
44            android:banner="@drawable/app_icon_your_company"
44-->src/main/AndroidManifest.xml:29:17-65
45            android:exported="true"
45-->src/main/AndroidManifest.xml:30:17-40
46            android:icon="@drawable/app_icon_your_company"
46-->src/main/AndroidManifest.xml:31:17-63
47            android:logo="@drawable/app_icon_your_company"
47-->src/main/AndroidManifest.xml:32:17-63
48            android:screenOrientation="fullSensor" >
48-->src/main/AndroidManifest.xml:33:17-55
49            <intent-filter>
49-->src/main/AndroidManifest.xml:34:13-39:29
50                <action android:name="android.intent.action.MAIN" />
50-->src/main/AndroidManifest.xml:35:17-68
50-->src/main/AndroidManifest.xml:35:25-66
51
52                <category android:name="android.intent.category.LEANBACK_LAUNCHER" />
52-->src/main/AndroidManifest.xml:37:17-85
52-->src/main/AndroidManifest.xml:37:27-83
53                <category android:name="android.intent.category.LAUNCHER" />
53-->src/main/AndroidManifest.xml:38:17-76
53-->src/main/AndroidManifest.xml:38:27-74
54            </intent-filter>
55        </activity>
56
57        <provider
57-->[androidx.emoji2:emoji2:1.3.0] AndroidManifest.xml:24:9-32:20
58            android:name="androidx.startup.InitializationProvider"
58-->[androidx.emoji2:emoji2:1.3.0] AndroidManifest.xml:25:13-67
59            android:authorities="tv.anypoint.lineartv.sample.androidx-startup"
59-->[androidx.emoji2:emoji2:1.3.0] AndroidManifest.xml:26:13-68
60            android:exported="false" >
60-->[androidx.emoji2:emoji2:1.3.0] AndroidManifest.xml:27:13-37
61            <meta-data
61-->[androidx.emoji2:emoji2:1.3.0] AndroidManifest.xml:29:13-31:52
62                android:name="androidx.emoji2.text.EmojiCompatInitializer"
62-->[androidx.emoji2:emoji2:1.3.0] AndroidManifest.xml:30:17-75
63                android:value="androidx.startup" />
63-->[androidx.emoji2:emoji2:1.3.0] AndroidManifest.xml:31:17-49
64            <meta-data
64-->[androidx.lifecycle:lifecycle-process:2.6.2] AndroidManifest.xml:29:13-31:52
65                android:name="androidx.lifecycle.ProcessLifecycleInitializer"
65-->[androidx.lifecycle:lifecycle-process:2.6.2] AndroidManifest.xml:30:17-78
66                android:value="androidx.startup" />
66-->[androidx.lifecycle:lifecycle-process:2.6.2] AndroidManifest.xml:31:17-49
67            <meta-data
67-->[androidx.profileinstaller:profileinstaller:1.4.0] AndroidManifest.xml:29:13-31:52
68                android:name="androidx.profileinstaller.ProfileInstallerInitializer"
68-->[androidx.profileinstaller:profileinstaller:1.4.0] AndroidManifest.xml:30:17-85
69                android:value="androidx.startup" />
69-->[androidx.profileinstaller:profileinstaller:1.4.0] AndroidManifest.xml:31:17-49
70        </provider>
71
72        <receiver
72-->[androidx.profileinstaller:profileinstaller:1.4.0] AndroidManifest.xml:34:9-52:20
73            android:name="androidx.profileinstaller.ProfileInstallReceiver"
73-->[androidx.profileinstaller:profileinstaller:1.4.0] AndroidManifest.xml:35:13-76
74            android:directBootAware="false"
74-->[androidx.profileinstaller:profileinstaller:1.4.0] AndroidManifest.xml:36:13-44
75            android:enabled="true"
75-->[androidx.profileinstaller:profileinstaller:1.4.0] AndroidManifest.xml:37:13-35
76            android:exported="true"
76-->[androidx.profileinstaller:profileinstaller:1.4.0] AndroidManifest.xml:38:13-36
77            android:permission="android.permission.DUMP" >
77-->[androidx.profileinstaller:profileinstaller:1.4.0] AndroidManifest.xml:39:13-57
78            <intent-filter>
78-->[androidx.profileinstaller:profileinstaller:1.4.0] AndroidManifest.xml:40:13-42:29
79                <action android:name="androidx.profileinstaller.action.INSTALL_PROFILE" />
79-->[androidx.profileinstaller:profileinstaller:1.4.0] AndroidManifest.xml:41:17-91
79-->[androidx.profileinstaller:profileinstaller:1.4.0] AndroidManifest.xml:41:25-88
80            </intent-filter>
81            <intent-filter>
81-->[androidx.profileinstaller:profileinstaller:1.4.0] AndroidManifest.xml:43:13-45:29
82                <action android:name="androidx.profileinstaller.action.SKIP_FILE" />
82-->[androidx.profileinstaller:profileinstaller:1.4.0] AndroidManifest.xml:44:17-85
82-->[androidx.profileinstaller:profileinstaller:1.4.0] AndroidManifest.xml:44:25-82
83            </intent-filter>
84            <intent-filter>
84-->[androidx.profileinstaller:profileinstaller:1.4.0] AndroidManifest.xml:46:13-48:29
85                <action android:name="androidx.profileinstaller.action.SAVE_PROFILE" />
85-->[androidx.profileinstaller:profileinstaller:1.4.0] AndroidManifest.xml:47:17-88
85-->[androidx.profileinstaller:profileinstaller:1.4.0] AndroidManifest.xml:47:25-85
86            </intent-filter>
87            <intent-filter>
87-->[androidx.profileinstaller:profileinstaller:1.4.0] AndroidManifest.xml:49:13-51:29
88                <action android:name="androidx.profileinstaller.action.BENCHMARK_OPERATION" />
88-->[androidx.profileinstaller:profileinstaller:1.4.0] AndroidManifest.xml:50:17-95
88-->[androidx.profileinstaller:profileinstaller:1.4.0] AndroidManifest.xml:50:25-92
89            </intent-filter>
90        </receiver>
91    </application>
92
93</manifest>